

HI-TECH Software PIC LITE Macro Assembler V9.81 build 7503 
                                                                                               Tue Feb 19 03:13:12 2008

HI-TECH Software Omniscient Code Generator (Lite mode) build 7503
     1  0000                     opt subtitle "HI-TECH Software Omniscient Code Generator (Lite mode) build 7503"
     2                           
     3                           opt pagewidth 120
     4                           
     5                           	opt lm
     6                           
     7                           	processor	16F887
     8                           clrc	macro
     9                           	bcf	3,0
    10  0000                     	endm
    11                           clrz	macro
    12                           	bcf	3,2
    13  0000                     	endm
    14                           setc	macro
    15                           	bsf	3,0
    16  0000                     	endm
    17                           setz	macro
    18                           	bsf	3,2
    19  0000                     	endm
    20                           skipc	macro
    21                           	btfss	3,0
    22  0000                     	endm
    23                           skipz	macro
    24                           	btfss	3,2
    25  0000                     	endm
    26                           skipnc	macro
    27                           	btfsc	3,0
    28  0000                     	endm
    29                           skipnz	macro
    30                           	btfsc	3,2
    31  0000                     	endm
    32  0000                     indf	equ	0
    33  0000                     indf0	equ	0
    34  0002                     pc	equ	2
    35  0002                     pcl	equ	2
    36  0003                     status	equ	3
    37  0004                     fsr	equ	4
    38  0004                     fsr0	equ	4
    39  0001                     c	equ	1
    40  0000                     z	equ	0
    41  000A                     pclath	equ	10
    42                           	FNROOT	_main
    43                           	FNCALL	intlevel1,_myfct
    44                           	global	intlevel1
    45                           	FNROOT	intlevel1
    46                           	global	_x
    47                           	global	_y
    48                           	global	_ADCON0
    49                           psect	text60,local,class=CODE,delta=2
    50                           global __ptext60
    51  0000                     __ptext60:
    52  001F                     _ADCON0	set	31
    53                           	global	_ADRESH
    54  001E                     _ADRESH	set	30
    55                           	global	_CCP1CON
    56  0017                     _CCP1CON	set	23
    57                           	global	_CCPR1L
    58  0015                     _CCPR1L	set	21
    59                           	global	_T2CON
    60  0012                     _T2CON	set	18
    61                           	global	_GIE
    62  005F                     _GIE	set	95
    63                           	global	_GO
    64  00F9                     _GO	set	249
    65                           	global	_PEIE
    66  005E                     _PEIE	set	94
    67                           	global	_TMR2IF
    68  0061                     _TMR2IF	set	97
    69                           	global	_ADCON1
    70  009F                     _ADCON1	set	159
    71                           	global	_PR2
    72  0092                     _PR2	set	146
    73                           	global	_TRISA
    74  0085                     _TRISA	set	133
    75                           	global	_TRISD
    76  0088                     _TRISD	set	136
    77                           	global	_TMR2IE
    78  0461                     _TMR2IE	set	1121
    79                           	global	_ANSEL
    80  0188                     _ANSEL	set	392
    81                           	file	"Lab5.as"
    82                           	line	#
    83                           psect cinit,class=CODE,delta=2
    84                           global start_initialization
    85  0070                     start_initialization:
    86                           
    87                           psect	bssCOMMON,class=COMMON,space=1
    88                           global __pbssCOMMON
    89  0076                     __pbssCOMMON:
    90  0076                     _x:
    91  0076                            ds      1
    92                           
    93  0077                     _y:
    94  0077                            ds      1
    95                           
    96                           ; Clear objects allocated to COMMON
    97                           psect cinit,class=CODE,delta=2
    98  0070  01F6               	clrf	((__pbssCOMMON)+0)&07Fh
    99  0071  01F7               	clrf	((__pbssCOMMON)+1)&07Fh
   100                           psect cinit,class=CODE,delta=2
   101                           global end_of_initialization
   102                           
   103                           ;End of C runtime variable initialization code
   104                           
   105  0072                     end_of_initialization:
   106  0072  0183               clrf status
   107  0073  120A  118A  2815   ljmp _main	;jump to C main() function
   108                           psect	cstackCOMMON,class=COMMON,space=1
   109                           global __pcstackCOMMON
   110  0070                     __pcstackCOMMON:
   111                           	global	?_main
   112  0070                     ?_main:	; 0 bytes @ 0x0
   113                           	global	?_myfct
   114  0070                     ?_myfct:	; 0 bytes @ 0x0
   115                           	global	??_myfct
   116  0070                     ??_myfct:	; 0 bytes @ 0x0
   117  0070                     	ds	4
   118                           	global	??_main
   119  0074                     ??_main:	; 0 bytes @ 0x4
   120  0074                     	ds	2
   121 ;;Data sizes: Strings 0, constant 0, data 0, bss 2, persistent 0 stack 0
   122 ;;Auto spaces:   Size  Autos    Used
   123 ;; COMMON          14      6       8
   124 ;; BANK0           80      0       0
   125 ;; BANK1           80      0       0
   126 ;; BANK3           96      0       0
   127 ;; BANK2           96      0       0
   128                           
   129 ;;
   130 ;; Pointer list with targets:
   131                           
   132                           
   133                           
   134 ;;
   135 ;; Critical Paths under _main in COMMON
   136 ;;
   137 ;;   None.
   138 ;;
   139 ;; Critical Paths under _myfct in COMMON
   140 ;;
   141 ;;   None.
   142 ;;
   143 ;; Critical Paths under _main in BANK0
   144 ;;
   145 ;;   None.
   146 ;;
   147 ;; Critical Paths under _myfct in BANK0
   148 ;;
   149 ;;   None.
   150 ;;
   151 ;; Critical Paths under _main in BANK1
   152 ;;
   153 ;;   None.
   154 ;;
   155 ;; Critical Paths under _myfct in BANK1
   156 ;;
   157 ;;   None.
   158 ;;
   159 ;; Critical Paths under _main in BANK3
   160 ;;
   161 ;;   None.
   162 ;;
   163 ;; Critical Paths under _myfct in BANK3
   164 ;;
   165 ;;   None.
   166 ;;
   167 ;; Critical Paths under _main in BANK2
   168 ;;
   169 ;;   None.
   170 ;;
   171 ;; Critical Paths under _myfct in BANK2
   172 ;;
   173 ;;   None.
   174                           
   175 ;;
   176 ;;Main: autosize = 0, tempsize = 2, incstack = 0, save=0
   177 ;;
   178                           
   179 ;;
   180 ;;Call Graph Tables:
   181 ;;
   182 ;; ---------------------------------------------------------------------------------
   183 ;; (Depth) Function   	        Calls       Base Space   Used Autos Params    Refs
   184 ;; ---------------------------------------------------------------------------------
   185 ;; (0) _main                                                 2     2      0       0
   186 ;;                                              4 COMMON     2     2      0
   187 ;; ---------------------------------------------------------------------------------
   188 ;; Estimated maximum stack depth 0
   189 ;; ---------------------------------------------------------------------------------
   190 ;; (Depth) Function   	        Calls       Base Space   Used Autos Params    Refs
   191 ;; ---------------------------------------------------------------------------------
   192 ;; (1) _myfct                                                4     4      0       0
   193 ;;                                              0 COMMON     4     4      0
   194 ;; ---------------------------------------------------------------------------------
   195 ;; Estimated maximum stack depth 1
   196 ;; ---------------------------------------------------------------------------------
   197                           
   198 ;; Call Graph Graphs:
   199                           
   200 ;; _main (ROOT)
   201 ;;
   202 ;; _myfct (ROOT)
   203 ;;
   204                           
   205 ;; Address spaces:
   206                           
   207 ;;Name               Size   Autos  Total    Cost      Usage
   208 ;;BITCOMMON            E      0       0       0        0.0%
   209 ;;EEDATA             100      0       0       0        0.0%
   210 ;;NULL                 0      0       0       0        0.0%
   211 ;;CODE                 0      0       0       0        0.0%
   212 ;;COMMON               E      6       8       1       57.1%
   213 ;;BITSFR0              0      0       0       1        0.0%
   214 ;;SFR0                 0      0       0       1        0.0%
   215 ;;BITSFR1              0      0       0       2        0.0%
   216 ;;SFR1                 0      0       0       2        0.0%
   217 ;;STACK                0      0       0       2        0.0%
   218 ;;ABS                  0      0       8       3        0.0%
   219 ;;BITBANK0            50      0       0       4        0.0%
   220 ;;BITSFR3              0      0       0       4        0.0%
   221 ;;SFR3                 0      0       0       4        0.0%
   222 ;;BANK0               50      0       0       5        0.0%
   223 ;;BITSFR2              0      0       0       5        0.0%
   224 ;;SFR2                 0      0       0       5        0.0%
   225 ;;BITBANK1            50      0       0       6        0.0%
   226 ;;BANK1               50      0       0       7        0.0%
   227 ;;BITBANK3            60      0       0       8        0.0%
   228 ;;BANK3               60      0       0       9        0.0%
   229 ;;BITBANK2            60      0       0      10        0.0%
   230 ;;BANK2               60      0       0      11        0.0%
   231 ;;DATA                 0      0       8      12        0.0%
   232                           
   233                           	global	_main
   234                           psect	maintext,global,class=CODE,delta=2
   235                           global __pmaintext
   236  0015                     __pmaintext:
   237                           
   238 ;; *************** function _main *****************
   239 ;; Defined at:
   240 ;;		line 5 in file "C:\Users\student\Desktop\Lab8\Lab5.c"
   241 ;; Parameters:    Size  Location     Type
   242 ;;		None
   243 ;; Auto vars:     Size  Location     Type
   244 ;;		None
   245 ;; Return value:  Size  Location     Type
   246 ;;		None               void
   247 ;; Registers used:
   248 ;;		wreg, status,2
   249 ;; Tracked objects:
   250 ;;		On entry : 17F/0
   251 ;;		On exit  : 0/0
   252 ;;		Unchanged: 0/0
   253 ;; Data sizes:     COMMON   BANK0   BANK1   BANK3   BANK2
   254 ;;      Params:         0       0       0       0       0
   255 ;;      Locals:         0       0       0       0       0
   256 ;;      Temps:          2       0       0       0       0
   257 ;;      Totals:         2       0       0       0       0
   258 ;;Total ram usage:        2 bytes
   259 ;; Hardware stack levels required when called:    1
   260 ;; This function calls:
   261 ;;		Nothing
   262 ;; This function is called by:
   263 ;;		Startup code after reset
   264 ;; This function uses a non-reentrant model
   265 ;;
   266                           psect	maintext
   267                           	file	"C:\Users\student\Desktop\Lab8\Lab5.c"
   268                           	line	5
   269                           	global	__size_of_main
   270  003F                     	__size_of_main	equ	__end_of_main-_main
   271                           	
   272  0015                     _main:	
   273                           	opt	stack 7
   274                           ; Regs used in _main: [wreg+status,2]
   275                           	line	6
   276                           	
   277  0015                     l2184:	
   278                           ;Lab5.c: 6: TRISD=0;
   279  0015  1683               	bsf	status, 5	;RP0=1, select bank1
   280  0016  1303               	bcf	status, 6	;RP1=0, select bank1
   281  0017  0188               	clrf	(136)^080h	;volatile
   282                           	line	7
   283                           	
   284  0018                     l2186:	
   285                           ;Lab5.c: 7: T2CON=0b00000100;
   286  0018  3004               	movlw	(04h)
   287  0019  1283               	bcf	status, 5	;RP0=0, select bank0
   288  001A  1303               	bcf	status, 6	;RP1=0, select bank0
   289  001B  0092               	movwf	(18)	;volatile
   290                           	line	8
   291                           	
   292  001C                     l2188:	
   293                           ;Lab5.c: 8: CCP1CON=0b01001100;
   294  001C  304C               	movlw	(04Ch)
   295  001D  0097               	movwf	(23)	;volatile
   296                           	line	9
   297                           	
   298  001E                     l2190:	
   299                           ;Lab5.c: 9: PR2=99;
   300  001E  3063               	movlw	(063h)
   301  001F  1683               	bsf	status, 5	;RP0=1, select bank1
   302  0020  1303               	bcf	status, 6	;RP1=0, select bank1
   303  0021  0092               	movwf	(146)^080h	;volatile
   304                           	line	10
   305                           	
   306  0022                     l2192:	
   307                           ;Lab5.c: 10: CCPR1L=60;
   308  0022  303C               	movlw	(03Ch)
   309  0023  1283               	bcf	status, 5	;RP0=0, select bank0
   310  0024  1303               	bcf	status, 6	;RP1=0, select bank0
   311  0025  0095               	movwf	(21)	;volatile
   312                           	line	11
   313                           	
   314  0026                     l2194:	
   315                           ;Lab5.c: 11: GIE=1;
   316  0026  178B               	bsf	(95/8),(95)&7
   317                           	line	12
   318                           	
   319  0027                     l2196:	
   320                           ;Lab5.c: 12: PEIE=1;
   321  0027  170B               	bsf	(94/8),(94)&7
   322                           	line	13
   323                           	
   324  0028                     l2198:	
   325                           ;Lab5.c: 13: TMR2IE=1;
   326  0028  1683               	bsf	status, 5	;RP0=1, select bank1
   327  0029  1303               	bcf	status, 6	;RP1=0, select bank1
   328  002A  148C               	bsf	(1121/8)^080h,(1121)&7
   329                           	line	14
   330                           	
   331  002B                     l2200:	
   332                           ;Lab5.c: 14: TRISA=0b00000001;
   333  002B  3001               	movlw	(01h)
   334  002C  0085               	movwf	(133)^080h	;volatile
   335                           	line	15
   336                           	
   337  002D                     l2202:	
   338                           ;Lab5.c: 15: ANSEL=0b00000001;
   339  002D  3001               	movlw	(01h)
   340  002E  1683               	bsf	status, 5	;RP0=1, select bank3
   341  002F  1703               	bsf	status, 6	;RP1=1, select bank3
   342  0030  0088               	movwf	(392)^0180h	;volatile
   343                           	line	16
   344                           	
   345  0031                     l2204:	
   346                           ;Lab5.c: 16: ADCON0=0b00000001;
   347  0031  3001               	movlw	(01h)
   348  0032  1283               	bcf	status, 5	;RP0=0, select bank0
   349  0033  1303               	bcf	status, 6	;RP1=0, select bank0
   350  0034  009F               	movwf	(31)	;volatile
   351                           	line	17
   352                           	
   353  0035                     l2206:	
   354                           ;Lab5.c: 17: ADCON1=0;
   355  0035  1683               	bsf	status, 5	;RP0=1, select bank1
   356  0036  1303               	bcf	status, 6	;RP1=0, select bank1
   357  0037  019F               	clrf	(159)^080h	;volatile
   358  0038  2839               	goto	l2208
   359                           	line	18
   360                           ;Lab5.c: 18: while(1)
   361                           	
   362  0039                     l1031:	
   363                           	line	20
   364                           	
   365  0039                     l2208:	
   366                           ;Lab5.c: 19: {
   367                           ;Lab5.c: 20: GO=1;
   368  0039  1283               	bcf	status, 5	;RP0=0, select bank0
   369  003A  1303               	bcf	status, 6	;RP1=0, select bank0
   370  003B  149F               	bsf	(249/8),(249)&7
   371                           	line	21
   372                           ;Lab5.c: 21: while(GO!=0);
   373  003C  283D               	goto	l1032
   374                           	
   375  003D                     l1033:	
   376                           	
   377  003D                     l1032:	
   378  003D  189F               	btfsc	(249/8),(249)&7
   379  003E  2840               	goto	u2161
   380  003F  2841               	goto	u2160
   381  0040                     u2161:
   382  0040  283D               	goto	l1032
   383  0041                     u2160:
   384  0041  2842               	goto	l2210
   385                           	
   386  0042                     l1034:	
   387                           	line	22
   388                           	
   389  0042                     l2210:	
   390                           ;Lab5.c: 22: x=ADRESH;
   391  0042  081E               	movf	(30),w	;volatile
   392  0043  00F4               	movwf	(??_main+0)+0
   393  0044  0874               	movf	(??_main+0)+0,w
   394  0045  00F6               	movwf	(_x)
   395                           	line	23
   396                           ;Lab5.c: 23: _delay((unsigned long)((100)*(4000000/4000.0)));
   397                           	opt asmopt_off
   398  0046  3082               movlw	130
   399  0047  00F5               movwf	((??_main+0)+0+1),f
   400  0048  30DD               	movlw	221
   401  0049  00F4               movwf	((??_main+0)+0),f
   402  004A                     u2177:
   403  004A  0BF4               	decfsz	((??_main+0)+0),f
   404  004B  284A               	goto	u2177
   405  004C  0BF5               	decfsz	((??_main+0)+0+1),f
   406  004D  284A               	goto	u2177
   407  004E  284F               	nop2
   408                           opt asmopt_on
   409                           
   410  004F  2839               	goto	l2208
   411                           	line	25
   412                           	
   413  0050                     l1035:	
   414                           	line	18
   415  0050  2839               	goto	l2208
   416                           	
   417  0051                     l1036:	
   418                           	line	26
   419                           	
   420  0051                     l1037:	
   421                           	global	start
   422  0051  120A  118A  2812   	ljmp	start
   423                           	opt stack 0
   424                           GLOBAL	__end_of_main
   425  0054                     	__end_of_main:
   426 ;; =============== function _main ends ============
   427                           
   428                           	signat	_main,88
   429                           	global	_myfct
   430                           psect	text61,local,class=CODE,delta=2
   431                           global __ptext61
   432  0054                     __ptext61:
   433                           
   434 ;; *************** function _myfct *****************
   435 ;; Defined at:
   436 ;;		line 28 in file "C:\Users\student\Desktop\Lab8\Lab5.c"
   437 ;; Parameters:    Size  Location     Type
   438 ;;		None
   439 ;; Auto vars:     Size  Location     Type
   440 ;;		None
   441 ;; Return value:  Size  Location     Type
   442 ;;		None               void
   443 ;; Registers used:
   444 ;;		wreg
   445 ;; Tracked objects:
   446 ;;		On entry : 0/0
   447 ;;		On exit  : 0/0
   448 ;;		Unchanged: 0/0
   449 ;; Data sizes:     COMMON   BANK0   BANK1   BANK3   BANK2
   450 ;;      Params:         0       0       0       0       0
   451 ;;      Locals:         0       0       0       0       0
   452 ;;      Temps:          4       0       0       0       0
   453 ;;      Totals:         4       0       0       0       0
   454 ;;Total ram usage:        4 bytes
   455 ;; Hardware stack levels used:    1
   456 ;; This function calls:
   457 ;;		Nothing
   458 ;; This function is called by:
   459 ;;		Interrupt level 1
   460 ;; This function uses a non-reentrant model
   461 ;;
   462                           psect	text61
   463                           	file	"C:\Users\student\Desktop\Lab8\Lab5.c"
   464                           	line	28
   465                           	global	__size_of_myfct
   466  001C                     	__size_of_myfct	equ	__end_of_myfct-_myfct
   467                           	
   468  0054                     _myfct:	
   469                           	opt	stack 7
   470                           ; Regs used in _myfct: [wreg]
   471                           psect	intentry,class=CODE,delta=2
   472                           global __pintentry
   473  0004                     __pintentry:
   474                           global interrupt_function
   475  0004                     interrupt_function:
   476                           	global saved_w
   477  007E                     	saved_w	set	btemp+0
   478  0004  00FE               	movwf	saved_w
   479  0005  0E03               	swapf	status,w
   480  0006  00F0               	movwf	(??_myfct+0)
   481  0007  0804               	movf	fsr0,w
   482  0008  00F1               	movwf	(??_myfct+1)
   483  0009  080A               	movf	pclath,w
   484  000A  00F2               	movwf	(??_myfct+2)
   485  000B  1283               	bcf	status, 5	;RP0=0, select bank0
   486  000C  1303               	bcf	status, 6	;RP1=0, select bank0
   487  000D  087F               	movf	btemp+1,w
   488  000E  00F3               	movwf	(??_myfct+3)
   489  000F  120A  118A  2854   	ljmp	_myfct
   490                           psect	text61
   491                           	line	29
   492                           	
   493  0054                     i1l1410:	
   494                           ;Lab5.c: 29: if(TMR2IF==1 && TMR2IE==1)
   495  0054  1C8C               	btfss	(97/8),(97)&7
   496  0055  2857               	goto	u1_21
   497  0056  2858               	goto	u1_20
   498  0057                     u1_21:
   499  0057  2864               	goto	i1l1041
   500  0058                     u1_20:
   501                           	
   502  0058                     i1l1412:	
   503  0058  1683               	bsf	status, 5	;RP0=1, select bank1
   504  0059  1303               	bcf	status, 6	;RP1=0, select bank1
   505  005A  1C8C               	btfss	(1121/8)^080h,(1121)&7
   506  005B  285D               	goto	u2_21
   507  005C  285E               	goto	u2_20
   508  005D                     u2_21:
   509  005D  2864               	goto	i1l1041
   510  005E                     u2_20:
   511                           	line	31
   512                           	
   513  005E                     i1l1414:	
   514                           ;Lab5.c: 30: {
   515                           ;Lab5.c: 31: CCPR1L=x;
   516  005E  0876               	movf	(_x),w
   517  005F  1283               	bcf	status, 5	;RP0=0, select bank0
   518  0060  1303               	bcf	status, 6	;RP1=0, select bank0
   519  0061  0095               	movwf	(21)	;volatile
   520                           	line	40
   521                           	
   522  0062                     i1l1416:	
   523                           ;Lab5.c: 40: TMR2IF=0;
   524  0062  108C               	bcf	(97/8),(97)&7
   525  0063  2864               	goto	i1l1041
   526                           	line	41
   527                           	
   528  0064                     i1l1040:	
   529                           	line	42
   530                           	
   531  0064                     i1l1041:	
   532  0064  0873               	movf	(??_myfct+3),w
   533  0065  1283               	bcf	status, 5	;RP0=0, select bank0
   534  0066  00FF               	movwf	btemp+1
   535  0067  0872               	movf	(??_myfct+2),w
   536  0068  008A               	movwf	pclath
   537  0069  0871               	movf	(??_myfct+1),w
   538  006A  0084               	movwf	fsr0
   539  006B  0E70               	swapf	(??_myfct+0)^0FFFFFF80h,w
   540  006C  0083               	movwf	status
   541  006D  0EFE               	swapf	saved_w,f
   542  006E  0E7E               	swapf	saved_w,w
   543  006F  0009               	retfie
   544                           	opt stack 0
   545                           GLOBAL	__end_of_myfct
   546  0070                     	__end_of_myfct:
   547 ;; =============== function _myfct ends ============
   548                           
   549                           	signat	_myfct,88
   550                           psect	text62,local,class=CODE,delta=2
   551                           global __ptext62
   552  0000                     __ptext62:
   553                           	global	btemp
   554  007E                     	btemp set 07Eh
   555                           
   556                           	DABS	1,126,2	;btemp
   557                           	global	wtemp0
   558  007E                     	wtemp0 set btemp


HI-TECH Software PICC Macro Assembler V9.81 build 7503 
Symbol Table                                                                                   Tue Feb 19 03:13:12 2008

                   _x 0076                     _y 0077                    _GO 00F9                   _GIE 005F  
                 _PR2 0092                   fsr0 0004                  l1031 0039                  l1032 003D  
                l1033 003D                  l1034 0042                  l1035 0050                  l1036 0051  
                l1037 0051                  l2200 002B                  l2210 0042                  l2202 002D  
                l2204 0031                  l2206 0035                  l2208 0039                  l2190 001E  
                l2192 0022                  l2184 0015                  l2194 0026                  l2186 0018  
                l2196 0027                  l2188 001C                  l2198 0028                  u2160 0041  
                u2161 0040                  u2177 004A                  _PEIE 005E                  u1_20 0058  
                u1_21 0057                  u2_20 005E                  u2_21 005D                  _main 0015  
                btemp 007E                  start 0012                 ?_main 0070                 _ANSEL 0188  
               _T2CON 0012                 _TRISA 0085                 _TRISD 0088                 _myfct 0054  
               pclath 000A                 status 0003                 wtemp0 007E          __end_of_main 0054  
              ??_main 0074                _ADCON0 001F                _ADCON1 009F                _ADRESH 001E  
              _CCPR1L 0015                ?_myfct 0070                i1l1040 0064                i1l1041 0064  
              i1l1410 0054                i1l1412 0058                i1l1414 005E                i1l1416 0062  
              _TMR2IE 0461                _TMR2IF 0061                saved_w 007E        __pcstackCOMMON 0070  
       __end_of_myfct 0070               ??_myfct 0070            __pmaintext 0015            __pintentry 0004  
             _CCP1CON 0017  end_of_initialization 0072   start_initialization 0070           __pbssCOMMON 0076  
      __size_of_myfct 001C     interrupt_function 0004              __ptext60 0000              __ptext61 0054  
            __ptext62 0000         __size_of_main 003F              intlevel1 0000  
