

HI-TECH Software PIC LITE Macro Assembler V9.81 build 7503 
                                                                                               Tue Feb 19 05:20:52 2008

HI-TECH Software Omniscient Code Generator (Lite mode) build 7503
     1  0000                     opt subtitle "HI-TECH Software Omniscient Code Generator (Lite mode) build 7503"
     2                           
     3                           opt pagewidth 120
     4                           
     5                           	opt lm
     6                           
     7                           	processor	16F887
     8                           clrc	macro
     9                           	bcf	3,0
    10  0000                     	endm
    11                           clrz	macro
    12                           	bcf	3,2
    13  0000                     	endm
    14                           setc	macro
    15                           	bsf	3,0
    16  0000                     	endm
    17                           setz	macro
    18                           	bsf	3,2
    19  0000                     	endm
    20                           skipc	macro
    21                           	btfss	3,0
    22  0000                     	endm
    23                           skipz	macro
    24                           	btfss	3,2
    25  0000                     	endm
    26                           skipnc	macro
    27                           	btfsc	3,0
    28  0000                     	endm
    29                           skipnz	macro
    30                           	btfsc	3,2
    31  0000                     	endm
    32  0000                     indf	equ	0
    33  0000                     indf0	equ	0
    34  0002                     pc	equ	2
    35  0002                     pcl	equ	2
    36  0003                     status	equ	3
    37  0004                     fsr	equ	4
    38  0004                     fsr0	equ	4
    39  0001                     c	equ	1
    40  0000                     z	equ	0
    41  000A                     pclath	equ	10
    42                           	FNROOT	_main
    43                           	FNCALL	intlevel1,_my_isr
    44                           	global	intlevel1
    45                           	FNROOT	intlevel1
    46                           	global	_INTCON
    47                           psect	text60,local,class=CODE,delta=2
    48                           global __ptext60
    49  0000                     __ptext60:
    50  000B                     _INTCON	set	11
    51                           	global	_PORTD
    52  0008                     _PORTD	set	8
    53                           	global	_INTE
    54  005C                     _INTE	set	92
    55                           	global	_INTF
    56  0059                     _INTF	set	89
    57                           	global	_RB4
    58  0034                     _RB4	set	52
    59                           	global	_RB5
    60  0035                     _RB5	set	53
    61                           	global	_RB6
    62  0036                     _RB6	set	54
    63                           	global	_RB7
    64  0037                     _RB7	set	55
    65                           	global	_RBIE
    66  005B                     _RBIE	set	91
    67                           	global	_RBIF
    68  0058                     _RBIF	set	88
    69                           	global	_RD4
    70  0044                     _RD4	set	68
    71                           	global	_RD5
    72  0045                     _RD5	set	69
    73                           	global	_RD6
    74  0046                     _RD6	set	70
    75                           	global	_RD7
    76  0047                     _RD7	set	71
    77                           	global	_IOCB
    78  0096                     _IOCB	set	150
    79                           	global	_TRISB
    80  0086                     _TRISB	set	134
    81                           	global	_TRISD
    82  0088                     _TRISD	set	136
    83                           	global	_WPUB
    84  0095                     _WPUB	set	149
    85                           	global	_INTEDG
    86  040E                     _INTEDG	set	1038
    87                           	global	_ANSEL
    88  0188                     _ANSEL	set	392
    89                           	global	_ANSELH
    90  0189                     _ANSELH	set	393
    91                           	file	"LAB12.as"
    92                           	line	#
    93                           psect cinit,class=CODE,delta=2
    94                           global start_initialization
    95  0076                     start_initialization:
    96                           
    97                           psect cinit,class=CODE,delta=2
    98                           global end_of_initialization
    99                           
   100                           ;End of C runtime variable initialization code
   101                           
   102  0076                     end_of_initialization:
   103  0076  0183               clrf status
   104  0077  120A  118A  2861   ljmp _main	;jump to C main() function
   105                           psect	cstackCOMMON,class=COMMON,space=1
   106                           global __pcstackCOMMON
   107  0070                     __pcstackCOMMON:
   108                           	global	?_main
   109  0070                     ?_main:	; 0 bytes @ 0x0
   110                           	global	?_my_isr
   111  0070                     ?_my_isr:	; 0 bytes @ 0x0
   112                           	global	??_my_isr
   113  0070                     ??_my_isr:	; 0 bytes @ 0x0
   114  0070                     	ds	4
   115                           	global	??_main
   116  0074                     ??_main:	; 0 bytes @ 0x4
   117 ;;Data sizes: Strings 0, constant 0, data 0, bss 0, persistent 0 stack 0
   118 ;;Auto spaces:   Size  Autos    Used
   119 ;; COMMON          14      4       4
   120 ;; BANK0           80      0       0
   121 ;; BANK1           80      0       0
   122 ;; BANK3           96      0       0
   123 ;; BANK2           96      0       0
   124                           
   125 ;;
   126 ;; Pointer list with targets:
   127                           
   128                           
   129                           
   130 ;;
   131 ;; Critical Paths under _main in COMMON
   132 ;;
   133 ;;   None.
   134 ;;
   135 ;; Critical Paths under _my_isr in COMMON
   136 ;;
   137 ;;   None.
   138 ;;
   139 ;; Critical Paths under _main in BANK0
   140 ;;
   141 ;;   None.
   142 ;;
   143 ;; Critical Paths under _my_isr in BANK0
   144 ;;
   145 ;;   None.
   146 ;;
   147 ;; Critical Paths under _main in BANK1
   148 ;;
   149 ;;   None.
   150 ;;
   151 ;; Critical Paths under _my_isr in BANK1
   152 ;;
   153 ;;   None.
   154 ;;
   155 ;; Critical Paths under _main in BANK3
   156 ;;
   157 ;;   None.
   158 ;;
   159 ;; Critical Paths under _my_isr in BANK3
   160 ;;
   161 ;;   None.
   162 ;;
   163 ;; Critical Paths under _main in BANK2
   164 ;;
   165 ;;   None.
   166 ;;
   167 ;; Critical Paths under _my_isr in BANK2
   168 ;;
   169 ;;   None.
   170                           
   171 ;;
   172 ;;Main: autosize = 0, tempsize = 0, incstack = 0, save=0
   173 ;;
   174                           
   175 ;;
   176 ;;Call Graph Tables:
   177 ;;
   178 ;; ---------------------------------------------------------------------------------
   179 ;; (Depth) Function   	        Calls       Base Space   Used Autos Params    Refs
   180 ;; ---------------------------------------------------------------------------------
   181 ;; (0) _main                                                 0     0      0       0
   182 ;; ---------------------------------------------------------------------------------
   183 ;; Estimated maximum stack depth 0
   184 ;; ---------------------------------------------------------------------------------
   185 ;; (Depth) Function   	        Calls       Base Space   Used Autos Params    Refs
   186 ;; ---------------------------------------------------------------------------------
   187 ;; (1) _my_isr                                               4     4      0       0
   188 ;;                                              0 COMMON     4     4      0
   189 ;; ---------------------------------------------------------------------------------
   190 ;; Estimated maximum stack depth 1
   191 ;; ---------------------------------------------------------------------------------
   192                           
   193 ;; Call Graph Graphs:
   194                           
   195 ;; _main (ROOT)
   196 ;;
   197 ;; _my_isr (ROOT)
   198 ;;
   199                           
   200 ;; Address spaces:
   201                           
   202 ;;Name               Size   Autos  Total    Cost      Usage
   203 ;;BITCOMMON            E      0       0       0        0.0%
   204 ;;EEDATA             100      0       0       0        0.0%
   205 ;;NULL                 0      0       0       0        0.0%
   206 ;;CODE                 0      0       0       0        0.0%
   207 ;;COMMON               E      4       4       1       28.6%
   208 ;;BITSFR0              0      0       0       1        0.0%
   209 ;;SFR0                 0      0       0       1        0.0%
   210 ;;BITSFR1              0      0       0       2        0.0%
   211 ;;SFR1                 0      0       0       2        0.0%
   212 ;;STACK                0      0       0       2        0.0%
   213 ;;ABS                  0      0       0       3        0.0%
   214 ;;BITBANK0            50      0       0       4        0.0%
   215 ;;BITSFR3              0      0       0       4        0.0%
   216 ;;SFR3                 0      0       0       4        0.0%
   217 ;;BANK0               50      0       0       5        0.0%
   218 ;;BITSFR2              0      0       0       5        0.0%
   219 ;;SFR2                 0      0       0       5        0.0%
   220 ;;BITBANK1            50      0       0       6        0.0%
   221 ;;BANK1               50      0       0       7        0.0%
   222 ;;BITBANK3            60      0       0       8        0.0%
   223 ;;BANK3               60      0       0       9        0.0%
   224 ;;BITBANK2            60      0       0      10        0.0%
   225 ;;BANK2               60      0       0      11        0.0%
   226 ;;DATA                 0      0       0      12        0.0%
   227                           
   228                           	global	_main
   229                           psect	maintext,global,class=CODE,delta=2
   230                           global __pmaintext
   231  0061                     __pmaintext:
   232                           
   233 ;; *************** function _main *****************
   234 ;; Defined at:
   235 ;;		line 4 in file "C:\Users\student\Desktop\LAB12\lab12.c"
   236 ;; Parameters:    Size  Location     Type
   237 ;;		None
   238 ;; Auto vars:     Size  Location     Type
   239 ;;		None
   240 ;; Return value:  Size  Location     Type
   241 ;;		None               void
   242 ;; Registers used:
   243 ;;		wreg, status,2
   244 ;; Tracked objects:
   245 ;;		On entry : 17F/0
   246 ;;		On exit  : 0/0
   247 ;;		Unchanged: 0/0
   248 ;; Data sizes:     COMMON   BANK0   BANK1   BANK3   BANK2
   249 ;;      Params:         0       0       0       0       0
   250 ;;      Locals:         0       0       0       0       0
   251 ;;      Temps:          0       0       0       0       0
   252 ;;      Totals:         0       0       0       0       0
   253 ;;Total ram usage:        0 bytes
   254 ;; Hardware stack levels required when called:    1
   255 ;; This function calls:
   256 ;;		Nothing
   257 ;; This function is called by:
   258 ;;		Startup code after reset
   259 ;; This function uses a non-reentrant model
   260 ;;
   261                           psect	maintext
   262                           	file	"C:\Users\student\Desktop\LAB12\lab12.c"
   263                           	line	4
   264                           	global	__size_of_main
   265  0015                     	__size_of_main	equ	__end_of_main-_main
   266                           	
   267  0061                     _main:	
   268                           	opt	stack 7
   269                           ; Regs used in _main: [wreg+status,2]
   270                           	line	5
   271                           	
   272  0061                     l1412:	
   273                           ;lab12.c: 5: TRISB=0xFF;
   274  0061  30FF               	movlw	(0FFh)
   275  0062  1683               	bsf	status, 5	;RP0=1, select bank1
   276  0063  1303               	bcf	status, 6	;RP1=0, select bank1
   277  0064  0086               	movwf	(134)^080h	;volatile
   278                           	line	6
   279                           	
   280  0065                     l1414:	
   281                           ;lab12.c: 6: ANSEL=0;
   282  0065  1683               	bsf	status, 5	;RP0=1, select bank3
   283  0066  1703               	bsf	status, 6	;RP1=1, select bank3
   284  0067  0188               	clrf	(392)^0180h	;volatile
   285                           	line	7
   286                           	
   287  0068                     l1416:	
   288                           ;lab12.c: 7: ANSELH=0;
   289  0068  0189               	clrf	(393)^0180h	;volatile
   290                           	line	8
   291                           	
   292  0069                     l1418:	
   293                           ;lab12.c: 8: TRISD=0;
   294  0069  1683               	bsf	status, 5	;RP0=1, select bank1
   295  006A  1303               	bcf	status, 6	;RP1=0, select bank1
   296  006B  0188               	clrf	(136)^080h	;volatile
   297                           	line	9
   298                           	
   299  006C                     l1420:	
   300                           ;lab12.c: 9: INTCON=0b10011000;
   301  006C  3098               	movlw	(098h)
   302  006D  008B               	movwf	(11)	;volatile
   303                           	line	10
   304                           	
   305  006E                     l1422:	
   306                           ;lab12.c: 10: IOCB=0b11110000;
   307  006E  30F0               	movlw	(0F0h)
   308  006F  0096               	movwf	(150)^080h	;volatile
   309                           	line	11
   310                           	
   311  0070                     l1424:	
   312                           ;lab12.c: 11: WPUB=0;
   313  0070  0195               	clrf	(149)^080h	;volatile
   314  0071  2872               	goto	l1026
   315                           	line	13
   316                           ;lab12.c: 13: while(1)
   317                           	
   318  0072                     l1025:	
   319                           	line	15
   320                           ;lab12.c: 14: {
   321                           	
   322  0072                     l1026:	
   323                           	line	13
   324  0072  2872               	goto	l1026
   325                           	
   326  0073                     l1027:	
   327                           	line	16
   328                           	
   329  0073                     l1028:	
   330                           	global	start
   331  0073  120A  118A  2812   	ljmp	start
   332                           	opt stack 0
   333                           GLOBAL	__end_of_main
   334  0076                     	__end_of_main:
   335 ;; =============== function _main ends ============
   336                           
   337                           	signat	_main,88
   338                           	global	_my_isr
   339                           psect	text61,local,class=CODE,delta=2
   340                           global __ptext61
   341  0015                     __ptext61:
   342                           
   343 ;; *************** function _my_isr *****************
   344 ;; Defined at:
   345 ;;		line 18 in file "C:\Users\student\Desktop\LAB12\lab12.c"
   346 ;; Parameters:    Size  Location     Type
   347 ;;		None
   348 ;; Auto vars:     Size  Location     Type
   349 ;;		None
   350 ;; Return value:  Size  Location     Type
   351 ;;		None               void
   352 ;; Registers used:
   353 ;;		wreg, status,2
   354 ;; Tracked objects:
   355 ;;		On entry : 0/0
   356 ;;		On exit  : 0/0
   357 ;;		Unchanged: 0/0
   358 ;; Data sizes:     COMMON   BANK0   BANK1   BANK3   BANK2
   359 ;;      Params:         0       0       0       0       0
   360 ;;      Locals:         0       0       0       0       0
   361 ;;      Temps:          4       0       0       0       0
   362 ;;      Totals:         4       0       0       0       0
   363 ;;Total ram usage:        4 bytes
   364 ;; Hardware stack levels used:    1
   365 ;; This function calls:
   366 ;;		Nothing
   367 ;; This function is called by:
   368 ;;		Interrupt level 1
   369 ;; This function uses a non-reentrant model
   370 ;;
   371                           psect	text61
   372                           	file	"C:\Users\student\Desktop\LAB12\lab12.c"
   373                           	line	18
   374                           	global	__size_of_my_isr
   375  004C                     	__size_of_my_isr	equ	__end_of_my_isr-_my_isr
   376                           	
   377  0015                     _my_isr:	
   378                           	opt	stack 7
   379                           ; Regs used in _my_isr: [wreg+status,2]
   380                           psect	intentry,class=CODE,delta=2
   381                           global __pintentry
   382  0004                     __pintentry:
   383                           global interrupt_function
   384  0004                     interrupt_function:
   385                           	global saved_w
   386  007E                     	saved_w	set	btemp+0
   387  0004  00FE               	movwf	saved_w
   388  0005  0E03               	swapf	status,w
   389  0006  00F0               	movwf	(??_my_isr+0)
   390  0007  0804               	movf	fsr0,w
   391  0008  00F1               	movwf	(??_my_isr+1)
   392  0009  080A               	movf	pclath,w
   393  000A  00F2               	movwf	(??_my_isr+2)
   394  000B  1283               	bcf	status, 5	;RP0=0, select bank0
   395  000C  1303               	bcf	status, 6	;RP1=0, select bank0
   396  000D  087F               	movf	btemp+1,w
   397  000E  00F3               	movwf	(??_my_isr+3)
   398  000F  120A  118A  2815   	ljmp	_my_isr
   399                           psect	text61
   400                           	line	19
   401                           	
   402  0015                     i1l1426:	
   403                           ;lab12.c: 19: if(INTF==1 && INTE==1)
   404  0015  1C8B               	btfss	(89/8),(89)&7
   405  0016  2818               	goto	u1_21
   406  0017  2819               	goto	u1_20
   407  0018                     u1_21:
   408  0018  2830               	goto	i1l1438
   409  0019                     u1_20:
   410                           	
   411  0019                     i1l1428:	
   412  0019  1E0B               	btfss	(92/8),(92)&7
   413  001A  281C               	goto	u2_21
   414  001B  281D               	goto	u2_20
   415  001C                     u2_21:
   416  001C  2830               	goto	i1l1438
   417  001D                     u2_20:
   418                           	line	20
   419                           	
   420  001D                     i1l1430:	
   421                           ;lab12.c: 20: { INTF=0;
   422  001D  108B               	bcf	(89/8),(89)&7
   423                           	line	21
   424                           ;lab12.c: 21: if(INTEDG==1)
   425  001E  1683               	bsf	status, 5	;RP0=1, select bank1
   426  001F  1303               	bcf	status, 6	;RP1=0, select bank1
   427  0020  1F01               	btfss	(1038/8)^080h,(1038)&7
   428  0021  2823               	goto	u3_21
   429  0022  2824               	goto	u3_20
   430  0023                     u3_21:
   431  0023  282A               	goto	i1l1032
   432  0024                     u3_20:
   433                           	line	22
   434                           	
   435  0024                     i1l1432:	
   436                           ;lab12.c: 22: {INTEDG=0;PORTD=0xFF;}
   437  0024  1301               	bcf	(1038/8)^080h,(1038)&7
   438                           	
   439  0025                     i1l1434:	
   440  0025  30FF               	movlw	(0FFh)
   441  0026  1283               	bcf	status, 5	;RP0=0, select bank0
   442  0027  1303               	bcf	status, 6	;RP1=0, select bank0
   443  0028  0088               	movwf	(8)	;volatile
   444  0029  2830               	goto	i1l1438
   445                           	line	23
   446                           	
   447  002A                     i1l1032:	
   448                           	line	24
   449                           ;lab12.c: 23: else
   450                           ;lab12.c: 24: {INTEDG=1;PORTD=0;}
   451  002A  1701               	bsf	(1038/8)^080h,(1038)&7
   452                           	
   453  002B                     i1l1436:	
   454  002B  1283               	bcf	status, 5	;RP0=0, select bank0
   455  002C  1303               	bcf	status, 6	;RP1=0, select bank0
   456  002D  0188               	clrf	(8)	;volatile
   457  002E  2830               	goto	i1l1438
   458                           	
   459  002F                     i1l1033:	
   460  002F  2830               	goto	i1l1438
   461                           	line	26
   462                           	
   463  0030                     i1l1031:	
   464                           	line	28
   465                           	
   466  0030                     i1l1438:	
   467                           ;lab12.c: 26: }
   468                           ;lab12.c: 28: if(RBIF==1&& RBIE==1)
   469  0030  1C0B               	btfss	(88/8),(88)&7
   470  0031  2833               	goto	u4_21
   471  0032  2834               	goto	u4_20
   472  0033                     u4_21:
   473  0033  2856               	goto	i1l1043
   474  0034                     u4_20:
   475                           	
   476  0034                     i1l1440:	
   477  0034  1D8B               	btfss	(91/8),(91)&7
   478  0035  2837               	goto	u5_21
   479  0036  2838               	goto	u5_20
   480  0037                     u5_21:
   481  0037  2856               	goto	i1l1043
   482  0038                     u5_20:
   483                           	line	30
   484                           	
   485  0038                     i1l1442:	
   486                           ;lab12.c: 30: {if(RB4==1) RD4=1;
   487  0038  1E06               	btfss	(52/8),(52)&7
   488  0039  283B               	goto	u6_21
   489  003A  283C               	goto	u6_20
   490  003B                     u6_21:
   491  003B  283E               	goto	i1l1035
   492  003C                     u6_20:
   493                           	
   494  003C                     i1l1444:	
   495  003C  1608               	bsf	(68/8),(68)&7
   496  003D  283F               	goto	i1l1036
   497                           	line	31
   498                           	
   499  003E                     i1l1035:	
   500                           ;lab12.c: 31: else RD4=0;
   501  003E  1208               	bcf	(68/8),(68)&7
   502                           	
   503  003F                     i1l1036:	
   504                           	line	33
   505                           ;lab12.c: 33: if(RB5==1) RD5=1;
   506  003F  1E86               	btfss	(53/8),(53)&7
   507  0040  2842               	goto	u7_21
   508  0041  2843               	goto	u7_20
   509  0042                     u7_21:
   510  0042  2845               	goto	i1l1037
   511  0043                     u7_20:
   512                           	
   513  0043                     i1l1446:	
   514  0043  1688               	bsf	(69/8),(69)&7
   515  0044  2846               	goto	i1l1038
   516                           	line	34
   517                           	
   518  0045                     i1l1037:	
   519                           ;lab12.c: 34: else RD5=0;
   520  0045  1288               	bcf	(69/8),(69)&7
   521                           	
   522  0046                     i1l1038:	
   523                           	line	36
   524                           ;lab12.c: 36: if(RB6==1) RD6=1;
   525  0046  1F06               	btfss	(54/8),(54)&7
   526  0047  2849               	goto	u8_21
   527  0048  284A               	goto	u8_20
   528  0049                     u8_21:
   529  0049  284C               	goto	i1l1039
   530  004A                     u8_20:
   531                           	
   532  004A                     i1l1448:	
   533  004A  1708               	bsf	(70/8),(70)&7
   534  004B  284D               	goto	i1l1040
   535                           	line	37
   536                           	
   537  004C                     i1l1039:	
   538                           ;lab12.c: 37: else RD6=0;
   539  004C  1308               	bcf	(70/8),(70)&7
   540                           	
   541  004D                     i1l1040:	
   542                           	line	39
   543                           ;lab12.c: 39: if(RB7==1) RD7=1;
   544  004D  1F86               	btfss	(55/8),(55)&7
   545  004E  2850               	goto	u9_21
   546  004F  2851               	goto	u9_20
   547  0050                     u9_21:
   548  0050  2853               	goto	i1l1041
   549  0051                     u9_20:
   550                           	
   551  0051                     i1l1450:	
   552  0051  1788               	bsf	(71/8),(71)&7
   553  0052  2854               	goto	i1l1042
   554                           	line	40
   555                           	
   556  0053                     i1l1041:	
   557                           ;lab12.c: 40: else RD7=0;
   558  0053  1388               	bcf	(71/8),(71)&7
   559                           	
   560  0054                     i1l1042:	
   561                           	line	42
   562                           ;lab12.c: 42: RBIF=0;
   563  0054  100B               	bcf	(88/8),(88)&7
   564  0055  2856               	goto	i1l1043
   565                           	line	43
   566                           	
   567  0056                     i1l1034:	
   568                           	line	44
   569                           	
   570  0056                     i1l1043:	
   571  0056  0873               	movf	(??_my_isr+3),w
   572  0057  00FF               	movwf	btemp+1
   573  0058  0872               	movf	(??_my_isr+2),w
   574  0059  008A               	movwf	pclath
   575  005A  0871               	movf	(??_my_isr+1),w
   576  005B  0084               	movwf	fsr0
   577  005C  0E70               	swapf	(??_my_isr+0)^0FFFFFF80h,w
   578  005D  0083               	movwf	status
   579  005E  0EFE               	swapf	saved_w,f
   580  005F  0E7E               	swapf	saved_w,w
   581  0060  0009               	retfie
   582                           	opt stack 0
   583                           GLOBAL	__end_of_my_isr
   584  0061                     	__end_of_my_isr:
   585 ;; =============== function _my_isr ends ============
   586                           
   587                           	signat	_my_isr,88
   588                           psect	text62,local,class=CODE,delta=2
   589                           global __ptext62
   590  0000                     __ptext62:
   591                           	global	btemp
   592  007E                     	btemp set 07Eh
   593                           
   594                           	DABS	1,126,2	;btemp
   595                           	global	wtemp0
   596  007E                     	wtemp0 set btemp


HI-TECH Software PICC Macro Assembler V9.81 build 7503 
Symbol Table                                                                                   Tue Feb 19 05:20:52 2008

                 _RB4 0034                   _RB5 0035                   _RB6 0036                   _RB7 0037  
                 _RD4 0044                   _RD5 0045                   _RD6 0046                   _RD7 0047  
                 fsr0 0004                  l1025 0072                  l1026 0072                  l1027 0073  
                l1028 0073                  l1420 006C                  l1412 0061                  l1422 006E  
                l1414 0065                  l1424 0070                  l1416 0068                  l1418 0069  
                _IOCB 0096                  _INTE 005C                  _INTF 0059                  _RBIE 005B  
                _RBIF 0058                  _WPUB 0095                  u1_20 0019                  u1_21 0018  
                u2_20 001D                  u2_21 001C                  u3_20 0024                  u3_21 0023  
                u4_20 0034                  u4_21 0033                  u5_20 0038                  u5_21 0037  
                u6_20 003C                  u6_21 003B                  u7_20 0043                  u7_21 0042  
                u8_20 004A                  u8_21 0049                  u9_20 0051                  u9_21 0050  
                _main 0061                  btemp 007E                  start 0012                 ?_main 0070  
               _ANSEL 0188                 _PORTD 0008                 _TRISB 0086                 _TRISD 0088  
               pclath 000A                 status 0003                 wtemp0 007E          __end_of_main 0076  
              ??_main 0074                _ANSELH 0189                i1l1031 0030                i1l1040 004D  
              i1l1032 002A                i1l1041 0053                i1l1033 002F                i1l1034 0056  
              i1l1042 0054                i1l1035 003E                i1l1043 0056                i1l1036 003F  
              i1l1037 0045                i1l1038 0046                i1l1039 004C                i1l1430 001D  
              i1l1440 0034                i1l1432 0024                i1l1450 0051                i1l1442 0038  
              i1l1434 0025                i1l1426 0015                i1l1444 003C                i1l1436 002B  
              i1l1428 0019                i1l1446 0043                i1l1438 0030                i1l1448 004A  
              _INTEDG 040E                _INTCON 000B                _my_isr 0015                saved_w 007E  
      __pcstackCOMMON 0070            __pmaintext 0061            __pintentry 0004               ?_my_isr 0070  
     __size_of_my_isr 004C  end_of_initialization 0076        __end_of_my_isr 0061   start_initialization 0076  
            ??_my_isr 0070     interrupt_function 0004              __ptext60 0000              __ptext61 0015  
            __ptext62 0000         __size_of_main 0015              intlevel1 0000  
